<?xml version="1.0" encoding="UTF-8"?>
<testsuite name="BookLink.BookLink.Member.Controller.MemberControllerTest" tests="1" skipped="0" failures="0" errors="0" timestamp="2023-06-27T08:40:40" hostname="DESKTOP-NHEQ01O" time="13.158">
  <properties/>
  <testcase name="email_doubleCheck()" classname="BookLink.BookLink.Member.Controller.MemberControllerTest" time="13.158"/>
  <system-out><![CDATA[2023-06-27 17:40:34.026  INFO 4876 --- [    Test worker] .b.t.c.SpringBootTestContextBootstrapper : Neither @ContextConfiguration nor @ContextHierarchy found for test class [BookLink.BookLink.Member.Controller.MemberControllerTest], using SpringBootContextLoader
2023-06-27 17:40:34.029  INFO 4876 --- [    Test worker] o.s.t.c.support.AbstractContextLoader    : Could not detect default resource locations for test class [BookLink.BookLink.Member.Controller.MemberControllerTest]: no resource found for suffixes {-context.xml, Context.groovy}.
2023-06-27 17:40:34.031  INFO 4876 --- [    Test worker] t.c.s.AnnotationConfigContextLoaderUtils : Could not detect default configuration classes for test class [BookLink.BookLink.Member.Controller.MemberControllerTest]: MemberControllerTest does not declare any static, non-private, non-final, nested classes annotated with @Configuration.
2023-06-27 17:40:34.071  INFO 4876 --- [    Test worker] .b.t.c.SpringBootTestContextBootstrapper : Found @SpringBootConfiguration BookLink.BookLink.BookLinkApplication for test class BookLink.BookLink.Member.Controller.MemberControllerTest
2023-06-27 17:40:34.075  INFO 4876 --- [    Test worker] .b.t.c.SpringBootTestContextBootstrapper : Loaded default TestExecutionListener class names from location [META-INF/spring.factories]: [org.springframework.boot.test.autoconfigure.restdocs.RestDocsTestExecutionListener, org.springframework.boot.test.autoconfigure.web.client.MockRestServiceServerResetTestExecutionListener, org.springframework.boot.test.autoconfigure.web.servlet.MockMvcPrintOnlyOnFailureTestExecutionListener, org.springframework.boot.test.autoconfigure.web.servlet.WebDriverTestExecutionListener, org.springframework.boot.test.autoconfigure.webservices.client.MockWebServiceServerTestExecutionListener, org.springframework.boot.test.mock.mockito.MockitoTestExecutionListener, org.springframework.boot.test.mock.mockito.ResetMocksTestExecutionListener, org.springframework.test.context.web.ServletTestExecutionListener, org.springframework.test.context.support.DirtiesContextBeforeModesTestExecutionListener, org.springframework.test.context.event.ApplicationEventsTestExecutionListener, org.springframework.test.context.support.DependencyInjectionTestExecutionListener, org.springframework.test.context.support.DirtiesContextTestExecutionListener, org.springframework.test.context.transaction.TransactionalTestExecutionListener, org.springframework.test.context.jdbc.SqlScriptsTestExecutionListener, org.springframework.test.context.event.EventPublishingTestExecutionListener]
2023-06-27 17:40:34.076  INFO 4876 --- [    Test worker] .b.t.c.SpringBootTestContextBootstrapper : Using TestExecutionListeners: [org.springframework.test.context.web.ServletTestExecutionListener@1297cf8, org.springframework.test.context.support.DirtiesContextBeforeModesTestExecutionListener@37e15055, org.springframework.test.context.event.ApplicationEventsTestExecutionListener@57d1edf0, org.springframework.boot.test.mock.mockito.MockitoTestExecutionListener@39adf4e6, org.springframework.boot.test.autoconfigure.SpringBootDependencyInjectionTestExecutionListener@73299197, org.springframework.test.context.support.DirtiesContextTestExecutionListener@4ef7145f, org.springframework.test.context.transaction.TransactionalTestExecutionListener@1611ce1c, org.springframework.test.context.jdbc.SqlScriptsTestExecutionListener@40cd02fc, org.springframework.test.context.event.EventPublishingTestExecutionListener@7fd7965b, org.springframework.boot.test.autoconfigure.restdocs.RestDocsTestExecutionListener@9742012, org.springframework.boot.test.autoconfigure.web.client.MockRestServiceServerResetTestExecutionListener@118d7e0e, org.springframework.boot.test.autoconfigure.web.servlet.MockMvcPrintOnlyOnFailureTestExecutionListener@39ff4421, org.springframework.boot.test.autoconfigure.web.servlet.WebDriverTestExecutionListener@7a59780b, org.springframework.boot.test.autoconfigure.webservices.client.MockWebServiceServerTestExecutionListener@5205b3e2, org.springframework.boot.test.mock.mockito.ResetMocksTestExecutionListener@2802caa2]

  .   ____          _            __ _ _
 /\\ / ___'_ __ _ _(_)_ __  __ _ \ \ \ \
( ( )\___ | '_ | '_| | '_ \/ _` | \ \ \ \
 \\/  ___)| |_)| | | | | || (_| |  ) ) ) )
  '  |____| .__|_| |_|_| |_\__, | / / / /
 =========|_|==============|___/=/_/_/_/
 :: Spring Boot ::               (v2.7.12)

2023-06-27 17:40:34.214  INFO 4876 --- [    Test worker] B.B.M.Controller.MemberControllerTest    : Starting MemberControllerTest using Java 11.0.18 on DESKTOP-NHEQ01O with PID 4876 (started by 82102 in C:\githubfile\BookLink-BackEnd\BookLink)
2023-06-27 17:40:34.214  INFO 4876 --- [    Test worker] B.B.M.Controller.MemberControllerTest    : No active profile set, falling back to 1 default profile: "default"
2023-06-27 17:40:34.908  INFO 4876 --- [    Test worker] .s.d.r.c.RepositoryConfigurationDelegate : Bootstrapping Spring Data JPA repositories in DEFAULT mode.
2023-06-27 17:40:35.098  INFO 4876 --- [    Test worker] .s.d.r.c.RepositoryConfigurationDelegate : Finished Spring Data repository scanning in 189 ms. Found 2 JPA repository interfaces.
2023-06-27 17:40:36.035  INFO 4876 --- [    Test worker] o.s.b.w.embedded.tomcat.TomcatWebServer  : Tomcat initialized with port(s): 0 (http)
2023-06-27 17:40:36.076  INFO 4876 --- [    Test worker] o.apache.catalina.core.StandardService   : Starting service [Tomcat]
2023-06-27 17:40:36.077  INFO 4876 --- [    Test worker] org.apache.catalina.core.StandardEngine  : Starting Servlet engine: [Apache Tomcat/9.0.75]
2023-06-27 17:40:36.772  INFO 4876 --- [    Test worker] o.a.c.c.C.[Tomcat].[localhost].[/]       : Initializing Spring embedded WebApplicationContext
2023-06-27 17:40:36.773  INFO 4876 --- [    Test worker] w.s.c.ServletWebServerApplicationContext : Root WebApplicationContext: initialization completed in 2553 ms
2023-06-27 17:40:37.575  INFO 4876 --- [    Test worker] o.hibernate.jpa.internal.util.LogHelper  : HHH000204: Processing PersistenceUnitInfo [name: default]
2023-06-27 17:40:37.607  INFO 4876 --- [    Test worker] com.zaxxer.hikari.HikariDataSource       : HikariPool-2 - Starting...
2023-06-27 17:40:37.689  INFO 4876 --- [    Test worker] com.zaxxer.hikari.HikariDataSource       : HikariPool-2 - Start completed.
2023-06-27 17:40:37.689  INFO 4876 --- [    Test worker] org.hibernate.dialect.Dialect            : HHH000400: Using dialect: org.hibernate.dialect.MySQL8Dialect
2023-06-27 17:40:37.818  INFO 4876 --- [    Test worker] o.h.e.t.j.p.i.JtaPlatformInitiator       : HHH000490: Using JtaPlatform implementation: [org.hibernate.engine.transaction.jta.platform.internal.NoJtaPlatform]
2023-06-27 17:40:37.819  INFO 4876 --- [    Test worker] j.LocalContainerEntityManagerFactoryBean : Initialized JPA EntityManagerFactory for persistence unit 'default'
2023-06-27 17:40:38.437  WARN 4876 --- [    Test worker] .s.s.UserDetailsServiceAutoConfiguration : 

Using generated security password: 4260a514-1a33-43e8-9806-07767485ce5a

This generated password is for development use only. Your security configuration must be updated before running your application in production.

2023-06-27 17:40:38.657  WARN 4876 --- [    Test worker] JpaBaseConfiguration$JpaWebConfiguration : spring.jpa.open-in-view is enabled by default. Therefore, database queries may be performed during view rendering. Explicitly configure spring.jpa.open-in-view to disable this warning
2023-06-27 17:40:39.584  INFO 4876 --- [    Test worker] o.s.s.web.DefaultSecurityFilterChain     : Will secure any request with [org.springframework.security.web.session.DisableEncodeUrlFilter@5576eef4, org.springframework.security.web.context.request.async.WebAsyncManagerIntegrationFilter@76629f82, org.springframework.security.web.context.SecurityContextPersistenceFilter@500e995b, org.springframework.security.web.header.HeaderWriterFilter@8497c23, org.springframework.web.filter.CorsFilter@5beda06e, org.springframework.security.web.authentication.logout.LogoutFilter@3459ccd9, BookLink.BookLink.Config.JwtFilter@2474331d, org.springframework.security.web.savedrequest.RequestCacheAwareFilter@ab5f1d5, org.springframework.security.web.servletapi.SecurityContextHolderAwareRequestFilter@49de2cc4, org.springframework.security.web.authentication.AnonymousAuthenticationFilter@46977829, org.springframework.security.web.session.SessionManagementFilter@35fd987b, org.springframework.security.web.access.ExceptionTranslationFilter@1179731c, org.springframework.security.web.access.intercept.FilterSecurityInterceptor@7011eee0]
2023-06-27 17:40:40.890  INFO 4876 --- [    Test worker] o.s.b.w.embedded.tomcat.TomcatWebServer  : Tomcat started on port(s): 1618 (http) with context path ''
2023-06-27 17:40:40.900  INFO 4876 --- [    Test worker] B.B.M.Controller.MemberControllerTest    : Started MemberControllerTest in 6.802 seconds (JVM running for 36.609)
Hibernate: 
    insert 
    into
        member
        (address, birth, card_id, email, image, name, nickname, password) 
    values
        (?, ?, ?, ?, ?, ?, ?, ?)
Request method:	POST
Request URI:	http://localhost:1618/api/member/email/double-check
Proxy:			<none>
Request params:	<none>
Query params:	<none>
Form params:	<none>
Path params:	<none>
Headers:		Accept=application/json
				Content-Type=application/json
Cookies:		<none>
Multiparts:		<none>
Body:
{
    "email": "test@naver.com"
}
2023-06-27 17:40:44.878  INFO 4876 --- [o-auto-1-exec-1] o.a.c.c.C.[Tomcat].[localhost].[/]       : Initializing Spring DispatcherServlet 'dispatcherServlet'
2023-06-27 17:40:44.880  INFO 4876 --- [o-auto-1-exec-1] o.s.web.servlet.DispatcherServlet        : Initializing Servlet 'dispatcherServlet'
2023-06-27 17:40:44.884  INFO 4876 --- [o-auto-1-exec-1] o.s.web.servlet.DispatcherServlet        : Completed initialization in 4 ms
Hibernate: 
    select
        member0_.member_id as col_0_0_ 
    from
        member member0_ 
    where
        member0_.email=? limit ?
]]></system-out>
  <system-err><![CDATA[]]></system-err>
</testsuite>
